<?xml version="1.0" encoding="UTF-8"?>
<!-- Generated by org.testng.reporters.JUnitReportReporter -->
<testsuite hostname="SV-19-QA-006-O" failures="0" tests="4" name="com.qa.REBABudget.tests.LoginPageTest" time="14.954" errors="0" timestamp="02 Feb 2023 07:50:04 GMT" skipped="0">
  <testcase classname="com.qa.REBABudget.tests.LoginPageTest" name="loginPageTitletest" time="0.028"/>
  <testcase classname="com.qa.REBABudget.tests.LoginPageTest" name="loginPageURLtest" time="0.013"/>
  <testcase classname="com.qa.REBABudget.tests.LoginPageTest" name="RememberMeLinkTest" time="4.311"/>
  <testcase classname="com.qa.REBABudget.tests.LoginPageTest" name="doLoginTest" time="10.602"/>
</testsuite> <!-- com.qa.REBABudget.tests.LoginPageTest -->
