<?xml version="1.0" encoding="UTF-8"?>
<!-- Generated by org.testng.reporters.JUnitReportReporter -->
<testsuite hostname="SV-19-QA-006-O" failures="0" tests="3" name="com.qa.REBABudget.tests.HomePageTest" time="13.531" errors="0" timestamp="19 Jan 2023 15:01:35 GMT" skipped="0">
  <testcase classname="com.qa.REBABudget.tests.HomePageTest" name="homePageHeaderTest" time="12.584"/>
  <testcase classname="com.qa.REBABudget.tests.HomePageTest" name="clientNameTest" time="0.046"/>
  <testcase classname="com.qa.REBABudget.tests.HomePageTest" name="goToUsersGroupsPageTest" time="0.901"/>
</testsuite> <!-- com.qa.REBABudget.tests.HomePageTest -->
