<?xml version="1.0" encoding="UTF-8"?>
<!-- Generated by org.testng.reporters.JUnitReportReporter -->
<testsuite hostname="SV-19-QA-006-O" failures="0" tests="4" name="com.qa.REBABudget.tests.LoginPageTest" time="11.388" errors="0" timestamp="10 Feb 2023 08:30:35 GMT" skipped="0">
  <testcase classname="com.qa.REBABudget.tests.LoginPageTest" name="loginPageTitletest" time="0.035"/>
  <testcase classname="com.qa.REBABudget.tests.LoginPageTest" name="loginPageURLtest" time="0.010"/>
  <testcase classname="com.qa.REBABudget.tests.LoginPageTest" name="RememberMeLinkTest" time="3.962"/>
  <testcase classname="com.qa.REBABudget.tests.LoginPageTest" name="doLoginTest" time="7.381"/>
</testsuite> <!-- com.qa.REBABudget.tests.LoginPageTest -->
